This is pdfTeX, Version 3.141592653-2.6-1.40.22 (MiKTeX 21.6) (preloaded format=pdflatex 2021.6.15)  7 OCT 2021 01:58
entering extended mode
**./Prac04_TSP_ResctrictedbyOAEB.tex
(Prac04_TSP_ResctrictedbyOAEB.tex
LaTeX2e <2021-06-01>
L3 programming layer <2021-06-01>
(C:\Users\anton\AppData\Local\Programs\MiKTeX\tex/latex/base\article.cls
Document Class: article 2021/02/12 v1.4n Standard LaTeX document class
(C:\Users\anton\AppData\Local\Programs\MiKTeX\tex/latex/base\size10.clo
File: size10.clo 2021/02/12 v1.4n Standard LaTeX file (size option)
)
\c@part=\count182
\c@section=\count183
\c@subsection=\count184
\c@subsubsection=\count185
\c@paragraph=\count186
\c@subparagraph=\count187
\c@figure=\count188
\c@table=\count189
\abovecaptionskip=\skip47
\belowcaptionskip=\skip48
\bibindent=\dimen138
)
(C:\Users\anton\AppData\Local\Programs\MiKTeX\tex/latex/base\inputenc.sty
Package: inputenc 2021/02/14 v1.3d Input encoding file
\inpenc@prehook=\toks16
\inpenc@posthook=\toks17
)
(C:\Users\anton\AppData\Local\Programs\MiKTeX\tex/generic/babel\babel.sty
Package: babel 2021/06/02 3.60 The Babel package

(C:\Users\anton\AppData\Local\Programs\MiKTeX\tex/generic/babel\babel.def
File: babel.def 2021/06/02 3.60 Babel common definitions
\babel@savecnt=\count190
\U@D=\dimen139
\l@unhyphenated=\language79

(C:\Users\anton\AppData\Local\Programs\MiKTeX\tex/generic/babel\txtbabel.def)
\bbl@readstream=\read2
)
\bbl@dirlevel=\count191

*************************************
* Local config file bblopts.cfg used
*
(C:\Users\anton\AppData\Local\Programs\MiKTeX\tex/latex/arabi\bblopts.cfg
File: bblopts.cfg 2005/09/08 v0.1 add Arabic and Farsi to "declared" options of
 babel
)
(C:\Users\anton\AppData\Local\Programs\MiKTeX\tex/latex/babel-spanish\spanish.l
df
Language: spanish.ldf 2021/05/27 v5.0q Spanish support from the babel system
\es@quottoks=\toks18
\es@quotdepth=\count192
Package babel Info: Making " an active character on input line 570.
Package babel Info: Making . an active character on input line 675.
Package babel Info: Making < an active character on input line 722.
Package babel Info: Making > an active character on input line 722.
))
(C:\Users\anton\AppData\Local\Programs\MiKTeX\tex/latex/amsmath\amsmath.sty
Package: amsmath 2021/04/20 v2.17j AMS math features
\@mathmargin=\skip49

For additional information on amsmath, use the `?' option.
(C:\Users\anton\AppData\Local\Programs\MiKTeX\tex/latex/amsmath\amstext.sty
Package: amstext 2000/06/29 v2.01 AMS text

(C:\Users\anton\AppData\Local\Programs\MiKTeX\tex/latex/amsmath\amsgen.sty
File: amsgen.sty 1999/11/30 v2.0 generic functions
\@emptytoks=\toks19
\ex@=\dimen140
))
(C:\Users\anton\AppData\Local\Programs\MiKTeX\tex/latex/amsmath\amsbsy.sty
Package: amsbsy 1999/11/29 v1.2d Bold Symbols
\pmbraise@=\dimen141
)
(C:\Users\anton\AppData\Local\Programs\MiKTeX\tex/latex/amsmath\amsopn.sty
Package: amsopn 2016/03/08 v2.02 operator names
)
\inf@bad=\count193
LaTeX Info: Redefining \frac on input line 234.
\uproot@=\count194
\leftroot@=\count195
LaTeX Info: Redefining \overline on input line 399.
\classnum@=\count196
\DOTSCASE@=\count197
LaTeX Info: Redefining \ldots on input line 496.
LaTeX Info: Redefining \dots on input line 499.
LaTeX Info: Redefining \cdots on input line 620.
\Mathstrutbox@=\box50
\strutbox@=\box51
\big@size=\dimen142
LaTeX Font Info:    Redeclaring font encoding OML on input line 743.
LaTeX Font Info:    Redeclaring font encoding OMS on input line 744.
\macc@depth=\count198
\c@MaxMatrixCols=\count199
\dotsspace@=\muskip16
\c@parentequation=\count266
\dspbrk@lvl=\count267
\tag@help=\toks20
\row@=\count268
\column@=\count269
\maxfields@=\count270
\andhelp@=\toks21
\eqnshift@=\dimen143
\alignsep@=\dimen144
\tagshift@=\dimen145
\tagwidth@=\dimen146
\totwidth@=\dimen147
\lineht@=\dimen148
\@envbody=\toks22
\multlinegap=\skip50
\multlinetaggap=\skip51
\mathdisplay@stack=\toks23
LaTeX Info: Redefining \[ on input line 2923.
LaTeX Info: Redefining \] on input line 2924.
)
(C:\Users\anton\AppData\Local\Programs\MiKTeX\tex/latex/amsfonts\amsfonts.sty
Package: amsfonts 2013/01/14 v3.01 Basic AMSFonts support
\symAMSa=\mathgroup4
\symAMSb=\mathgroup5
LaTeX Font Info:    Redeclaring math symbol \hbar on input line 98.
LaTeX Font Info:    Overwriting math alphabet `\mathfrak' in version `bold'
(Font)                  U/euf/m/n --> U/euf/b/n on input line 106.
)
(C:\Users\anton\AppData\Local\Programs\MiKTeX\tex/latex/amsfonts\amssymb.sty
Package: amssymb 2013/01/14 v3.01 AMS font symbols
)
(C:\Users\anton\AppData\Local\Programs\MiKTeX\tex/latex/base\makeidx.sty
Package: makeidx 2014/09/29 v1.0m Standard LaTeX package
)
(C:\Users\anton\AppData\Local\Programs\MiKTeX\tex/latex/graphics\graphicx.sty
Package: graphicx 2020/12/05 v1.2c Enhanced LaTeX Graphics (DPC,SPQR)

(C:\Users\anton\AppData\Local\Programs\MiKTeX\tex/latex/graphics\keyval.sty
Package: keyval 2014/10/28 v1.15 key=value parser (DPC)
\KV@toks@=\toks24
)
(C:\Users\anton\AppData\Local\Programs\MiKTeX\tex/latex/graphics\graphics.sty
Package: graphics 2021/03/04 v1.4d Standard LaTeX Graphics (DPC,SPQR)

(C:\Users\anton\AppData\Local\Programs\MiKTeX\tex/latex/graphics\trig.sty
Package: trig 2016/01/03 v1.10 sin cos tan (DPC)
)
(C:\Users\anton\AppData\Local\Programs\MiKTeX\tex/latex/graphics-cfg\graphics.c
fg
File: graphics.cfg 2016/06/04 v1.11 sample graphics configuration
)
Package graphics Info: Driver file: pdftex.def on input line 107.

(C:\Users\anton\AppData\Local\Programs\MiKTeX\tex/latex/graphics-def\pdftex.def
File: pdftex.def 2020/10/05 v1.2a Graphics/color driver for pdftex
))
\Gin@req@height=\dimen149
\Gin@req@width=\dimen150
) (C:\Users\anton\AppData\Local\Programs\MiKTeX\tex/latex/kpfonts\kpfonts.sty
Package: kpfonts  2010/08/20 v3.31
(C:\Users\anton\AppData\Local\Programs\MiKTeX\tex/latex/base\textcomp.sty
Package: textcomp 2020/02/02 v2.0n Standard LaTeX package
LaTeX Font Info:    Changing ? sub-encoding to TS1/0 on input line 78.
)
\c@mv@rm=\count271
\c@mv@boldrm=\count272
\c@mv@sf=\count273
\c@mv@boldsf=\count274
LaTeX Font Info:    Redeclaring symbol font `operators' on input line 354.
LaTeX Font Info:    Overwriting symbol font `operators' in version `normal'
(Font)                  OT1/cmr/m/n --> OT1/jkp/m/n on input line 354.
LaTeX Font Info:    Overwriting symbol font `operators' in version `bold'
(Font)                  OT1/cmr/bx/n --> OT1/jkp/m/n on input line 354.
LaTeX Font Info:    Overwriting symbol font `operators' in version `rm'
(Font)                  OT1/cmr/m/n --> OT1/jkp/m/n on input line 354.
LaTeX Font Info:    Overwriting symbol font `operators' in version `boldrm'
(Font)                  OT1/cmr/m/n --> OT1/jkp/m/n on input line 354.
LaTeX Font Info:    Overwriting symbol font `operators' in version `sf'
(Font)                  OT1/cmr/m/n --> OT1/jkp/m/n on input line 354.
LaTeX Font Info:    Overwriting symbol font `operators' in version `boldsf'
(Font)                  OT1/cmr/m/n --> OT1/jkp/m/n on input line 354.
LaTeX Font Info:    Overwriting symbol font `operators' in version `bold'
(Font)                  OT1/jkp/m/n --> OT1/jkp/b/n on input line 355.
LaTeX Font Info:    Overwriting symbol font `operators' in version `rm'
(Font)                  OT1/jkp/m/n --> OT1/jkp/m/n on input line 357.
LaTeX Font Info:    Overwriting symbol font `operators' in version `boldrm'
(Font)                  OT1/jkp/m/n --> OT1/jkp/b/n on input line 358.
LaTeX Font Info:    Overwriting symbol font `operators' in version `sf'
(Font)                  OT1/jkp/m/n --> OT1/jkpss/m/n on input line 359.
LaTeX Font Info:    Overwriting symbol font `operators' in version `boldsf'
(Font)                  OT1/jkp/m/n --> OT1/jkpss/b/n on input line 360.
LaTeX Font Info:    Redeclaring math alphabet \mathrm on input line 364.
LaTeX Font Info:    Overwriting math alphabet `\mathrm' in version `bold'
(Font)                  OT1/jkp/m/n --> OT1/jkp/b/n on input line 365.
LaTeX Font Info:    Overwriting math alphabet `\mathrm' in version `rm'
(Font)                  OT1/jkp/m/n --> OT1/jkp/m/n on input line 366.
LaTeX Font Info:    Overwriting math alphabet `\mathrm' in version `boldrm'
(Font)                  OT1/jkp/m/n --> OT1/jkp/b/n on input line 367.
LaTeX Font Info:    Overwriting math alphabet `\mathrm' in version `sf'
(Font)                  OT1/jkp/m/n --> OT1/jkp/m/n on input line 368.
LaTeX Font Info:    Overwriting math alphabet `\mathrm' in version `boldsf'
(Font)                  OT1/jkp/m/n --> OT1/jkp/b/n on input line 369.
LaTeX Font Info:    Redeclaring math alphabet \mathbf on input line 378.
LaTeX Font Info:    Overwriting math alphabet `\mathbf' in version `normal'
(Font)                  OT1/cmr/bx/n --> OT1/jkp/b/n on input line 378.
LaTeX Font Info:    Overwriting math alphabet `\mathbf' in version `bold'
(Font)                  OT1/cmr/bx/n --> OT1/jkp/b/n on input line 378.
LaTeX Font Info:    Overwriting math alphabet `\mathbf' in version `rm'
(Font)                  OT1/cmr/bx/n --> OT1/jkp/b/n on input line 378.
LaTeX Font Info:    Overwriting math alphabet `\mathbf' in version `boldrm'
(Font)                  OT1/cmr/bx/n --> OT1/jkp/b/n on input line 378.
LaTeX Font Info:    Overwriting math alphabet `\mathbf' in version `sf'
(Font)                  OT1/cmr/bx/n --> OT1/jkp/b/n on input line 378.
LaTeX Font Info:    Overwriting math alphabet `\mathbf' in version `boldsf'
(Font)                  OT1/cmr/bx/n --> OT1/jkp/b/n on input line 378.
LaTeX Font Info:    Overwriting math alphabet `\mathbf' in version `bold'
(Font)                  OT1/jkp/b/n --> OT1/jkp/b/n on input line 379.
LaTeX Font Info:    Overwriting math alphabet `\mathbf' in version `rm'
(Font)                  OT1/jkp/b/n --> OT1/jkp/b/n on input line 381.
LaTeX Font Info:    Overwriting math alphabet `\mathbf' in version `boldrm'
(Font)                  OT1/jkp/b/n --> OT1/jkp/b/n on input line 382.
LaTeX Font Info:    Overwriting math alphabet `\mathbf' in version `sf'
(Font)                  OT1/jkp/b/n --> OT1/jkpss/b/n on input line 383.
LaTeX Font Info:    Overwriting math alphabet `\mathbf' in version `boldsf'
(Font)                  OT1/jkp/b/n --> OT1/jkpss/b/n on input line 384.
LaTeX Font Info:    Redeclaring math alphabet \mathit on input line 390.
LaTeX Font Info:    Overwriting math alphabet `\mathit' in version `normal'
(Font)                  OT1/cmr/m/it --> OT1/jkp/m/it on input line 390.
LaTeX Font Info:    Overwriting math alphabet `\mathit' in version `bold'
(Font)                  OT1/cmr/bx/it --> OT1/jkp/m/it on input line 390.
LaTeX Font Info:    Overwriting math alphabet `\mathit' in version `rm'
(Font)                  OT1/cmr/m/it --> OT1/jkp/m/it on input line 390.
LaTeX Font Info:    Overwriting math alphabet `\mathit' in version `boldrm'
(Font)                  OT1/cmr/m/it --> OT1/jkp/m/it on input line 390.
LaTeX Font Info:    Overwriting math alphabet `\mathit' in version `sf'
(Font)                  OT1/cmr/m/it --> OT1/jkp/m/it on input line 390.
LaTeX Font Info:    Overwriting math alphabet `\mathit' in version `boldsf'
(Font)                  OT1/cmr/m/it --> OT1/jkp/m/it on input line 390.
LaTeX Font Info:    Overwriting math alphabet `\mathit' in version `bold'
(Font)                  OT1/jkp/m/it --> OT1/jkp/b/it on input line 391.
LaTeX Font Info:    Overwriting math alphabet `\mathit' in version `rm'
(Font)                  OT1/jkp/m/it --> OT1/jkp/m/it on input line 393.
LaTeX Font Info:    Overwriting math alphabet `\mathit' in version `boldrm'
(Font)                  OT1/jkp/m/it --> OT1/jkp/b/it on input line 394.
LaTeX Font Info:    Overwriting math alphabet `\mathit' in version `sf'
(Font)                  OT1/jkp/m/it --> OT1/jkpss/m/it on input line 395.
LaTeX Font Info:    Overwriting math alphabet `\mathit' in version `boldsf'
(Font)                  OT1/jkp/m/it --> OT1/jkpss/b/it on input line 396.
LaTeX Font Info:    Redeclaring math alphabet \mathsf on input line 401.
LaTeX Font Info:    Overwriting math alphabet `\mathsf' in version `normal'
(Font)                  OT1/cmss/m/n --> OT1/jkpss/m/n on input line 401.
LaTeX Font Info:    Overwriting math alphabet `\mathsf' in version `bold'
(Font)                  OT1/cmss/bx/n --> OT1/jkpss/m/n on input line 401.
LaTeX Font Info:    Overwriting math alphabet `\mathsf' in version `rm'
(Font)                  OT1/cmss/m/n --> OT1/jkpss/m/n on input line 401.
LaTeX Font Info:    Overwriting math alphabet `\mathsf' in version `boldrm'
(Font)                  OT1/cmss/m/n --> OT1/jkpss/m/n on input line 401.
LaTeX Font Info:    Overwriting math alphabet `\mathsf' in version `sf'
(Font)                  OT1/cmss/m/n --> OT1/jkpss/m/n on input line 401.
LaTeX Font Info:    Overwriting math alphabet `\mathsf' in version `boldsf'
(Font)                  OT1/cmss/m/n --> OT1/jkpss/m/n on input line 401.
LaTeX Font Info:    Overwriting math alphabet `\mathsf' in version `bold'
(Font)                  OT1/jkpss/m/n --> OT1/jkpss/b/n on input line 402.
LaTeX Font Info:    Overwriting math alphabet `\mathsf' in version `rm'
(Font)                  OT1/jkpss/m/n --> OT1/jkpss/m/n on input line 403.
LaTeX Font Info:    Overwriting math alphabet `\mathsf' in version `boldrm'
(Font)                  OT1/jkpss/m/n --> OT1/jkpss/b/n on input line 404.
LaTeX Font Info:    Overwriting math alphabet `\mathsf' in version `sf'
(Font)                  OT1/jkpss/m/n --> OT1/jkpss/m/n on input line 405.
LaTeX Font Info:    Overwriting math alphabet `\mathsf' in version `boldsf'
(Font)                  OT1/jkpss/m/n --> OT1/jkpss/b/n on input line 406.
LaTeX Font Info:    Redeclaring math alphabet \mathtt on input line 410.
LaTeX Font Info:    Overwriting math alphabet `\mathtt' in version `normal'
(Font)                  OT1/cmtt/m/n --> OT1/jkptt/m/n on input line 410.
LaTeX Font Info:    Overwriting math alphabet `\mathtt' in version `bold'
(Font)                  OT1/cmtt/m/n --> OT1/jkptt/m/n on input line 410.
LaTeX Font Info:    Overwriting math alphabet `\mathtt' in version `rm'
(Font)                  OT1/cmtt/m/n --> OT1/jkptt/m/n on input line 410.
LaTeX Font Info:    Overwriting math alphabet `\mathtt' in version `boldrm'
(Font)                  OT1/cmtt/m/n --> OT1/jkptt/m/n on input line 410.
LaTeX Font Info:    Overwriting math alphabet `\mathtt' in version `sf'
(Font)                  OT1/cmtt/m/n --> OT1/jkptt/m/n on input line 410.
LaTeX Font Info:    Overwriting math alphabet `\mathtt' in version `boldsf'
(Font)                  OT1/cmtt/m/n --> OT1/jkptt/m/n on input line 410.
LaTeX Font Info:    Overwriting math alphabet `\mathtt' in version `bold'
(Font)                  OT1/jkptt/m/n --> OT1/jkptt/b/n on input line 411.
LaTeX Font Info:    Overwriting math alphabet `\mathtt' in version `rm'
(Font)                  OT1/jkptt/m/n --> OT1/jkptt/m/n on input line 412.
LaTeX Font Info:    Overwriting math alphabet `\mathtt' in version `boldrm'
(Font)                  OT1/jkptt/m/n --> OT1/jkptt/b/n on input line 413.
LaTeX Font Info:    Overwriting math alphabet `\mathtt' in version `sf'
(Font)                  OT1/jkptt/m/n --> OT1/jkptt/m/n on input line 414.
LaTeX Font Info:    Overwriting math alphabet `\mathtt' in version `boldsf'
(Font)                  OT1/jkptt/m/n --> OT1/jkptt/b/n on input line 415.
LaTeX Font Info:    Redeclaring symbol font `letters' on input line 423.
LaTeX Font Info:    Overwriting symbol font `letters' in version `normal'
(Font)                  OML/cmm/m/it --> OML/jkp/m/it on input line 423.
LaTeX Font Info:    Overwriting symbol font `letters' in version `bold'
(Font)                  OML/cmm/b/it --> OML/jkp/m/it on input line 423.
LaTeX Font Info:    Overwriting symbol font `letters' in version `rm'
(Font)                  OML/cmm/m/it --> OML/jkp/m/it on input line 423.
LaTeX Font Info:    Overwriting symbol font `letters' in version `boldrm'
(Font)                  OML/cmm/m/it --> OML/jkp/m/it on input line 423.
LaTeX Font Info:    Overwriting symbol font `letters' in version `sf'
(Font)                  OML/cmm/m/it --> OML/jkp/m/it on input line 423.
LaTeX Font Info:    Overwriting symbol font `letters' in version `boldsf'
(Font)                  OML/cmm/m/it --> OML/jkp/m/it on input line 423.
LaTeX Font Info:    Overwriting symbol font `letters' in version `bold'
(Font)                  OML/jkp/m/it --> OML/jkp/bx/it on input line 424.
LaTeX Font Info:    Overwriting symbol font `letters' in version `rm'
(Font)                  OML/jkp/m/it --> OML/jkp/m/it on input line 426.
LaTeX Font Info:    Overwriting symbol font `letters' in version `boldrm'
(Font)                  OML/jkp/m/it --> OML/jkp/bx/it on input line 427.
LaTeX Font Info:    Overwriting symbol font `letters' in version `sf'
(Font)                  OML/jkp/m/it --> OML/jkpss/m/it on input line 428.
LaTeX Font Info:    Overwriting symbol font `letters' in version `boldsf'
(Font)                  OML/jkp/m/it --> OML/jkpss/bx/it on input line 429.
\symlettersA=\mathgroup6
LaTeX Font Info:    Overwriting symbol font `lettersA' in version `bold'
(Font)                  U/jkpmia/m/it --> U/jkpmia/bx/it on input line 439.
LaTeX Font Info:    Overwriting symbol font `lettersA' in version `rm'
(Font)                  U/jkpmia/m/it --> U/jkpmia/m/it on input line 441.
LaTeX Font Info:    Overwriting symbol font `lettersA' in version `boldrm'
(Font)                  U/jkpmia/m/it --> U/jkpmia/bx/it on input line 442.
LaTeX Font Info:    Overwriting symbol font `lettersA' in version `sf'
(Font)                  U/jkpmia/m/it --> U/jkpssmia/m/it on input line 443.
LaTeX Font Info:    Overwriting symbol font `lettersA' in version `boldsf'
(Font)                  U/jkpmia/m/it --> U/jkpssmia/bx/it on input line 444.
LaTeX Font Info:    Redeclaring math alphabet \mathfrak on input line 447.
LaTeX Font Info:    Redeclaring symbol font `symbols' on input line 456.
LaTeX Font Info:    Overwriting symbol font `symbols' in version `normal'
(Font)                  OMS/cmsy/m/n --> OMS/jkp/m/n on input line 456.
LaTeX Font Info:    Overwriting symbol font `symbols' in version `bold'
(Font)                  OMS/cmsy/b/n --> OMS/jkp/m/n on input line 456.
LaTeX Font Info:    Overwriting symbol font `symbols' in version `rm'
(Font)                  OMS/cmsy/m/n --> OMS/jkp/m/n on input line 456.
LaTeX Font Info:    Overwriting symbol font `symbols' in version `boldrm'
(Font)                  OMS/cmsy/m/n --> OMS/jkp/m/n on input line 456.
LaTeX Font Info:    Overwriting symbol font `symbols' in version `sf'
(Font)                  OMS/cmsy/m/n --> OMS/jkp/m/n on input line 456.
LaTeX Font Info:    Overwriting symbol font `symbols' in version `boldsf'
(Font)                  OMS/cmsy/m/n --> OMS/jkp/m/n on input line 456.
LaTeX Font Info:    Overwriting symbol font `symbols' in version `bold'
(Font)                  OMS/jkp/m/n --> OMS/jkp/bx/n on input line 457.
LaTeX Font Info:    Overwriting symbol font `symbols' in version `rm'
(Font)                  OMS/jkp/m/n --> OMS/jkp/m/n on input line 459.
LaTeX Font Info:    Overwriting symbol font `symbols' in version `boldrm'
(Font)                  OMS/jkp/m/n --> OMS/jkp/bx/n on input line 460.
LaTeX Font Info:    Overwriting symbol font `symbols' in version `sf'
(Font)                  OMS/jkp/m/n --> OMS/jkp/m/n on input line 461.
LaTeX Font Info:    Overwriting symbol font `symbols' in version `boldsf'
(Font)                  OMS/jkp/m/n --> OMS/jkp/bx/n on input line 462.
LaTeX Font Info:    Redeclaring symbol font `AMSa' on input line 475.
LaTeX Font Info:    Overwriting symbol font `AMSa' in version `normal'
(Font)                  U/msa/m/n --> U/jkpsya/m/n on input line 475.
LaTeX Font Info:    Overwriting symbol font `AMSa' in version `bold'
(Font)                  U/msa/m/n --> U/jkpsya/m/n on input line 475.
LaTeX Font Info:    Overwriting symbol font `AMSa' in version `rm'
(Font)                  U/msa/m/n --> U/jkpsya/m/n on input line 475.
LaTeX Font Info:    Overwriting symbol font `AMSa' in version `boldrm'
(Font)                  U/msa/m/n --> U/jkpsya/m/n on input line 475.
LaTeX Font Info:    Overwriting symbol font `AMSa' in version `sf'
(Font)                  U/msa/m/n --> U/jkpsya/m/n on input line 475.
LaTeX Font Info:    Overwriting symbol font `AMSa' in version `boldsf'
(Font)                  U/msa/m/n --> U/jkpsya/m/n on input line 475.
LaTeX Font Info:    Overwriting symbol font `AMSa' in version `bold'
(Font)                  U/jkpsya/m/n --> U/jkpsya/bx/n on input line 476.
LaTeX Font Info:    Overwriting symbol font `AMSa' in version `rm'
(Font)                  U/jkpsya/m/n --> U/jkpsya/m/n on input line 477.
LaTeX Font Info:    Overwriting symbol font `AMSa' in version `boldrm'
(Font)                  U/jkpsya/m/n --> U/jkpsya/bx/n on input line 478.
LaTeX Font Info:    Overwriting symbol font `AMSa' in version `sf'
(Font)                  U/jkpsya/m/n --> U/jkpsya/m/n on input line 479.
LaTeX Font Info:    Overwriting symbol font `AMSa' in version `boldsf'
(Font)                  U/jkpsya/m/n --> U/jkpsya/bx/n on input line 480.
LaTeX Font Info:    Redeclaring symbol font `AMSb' on input line 528.
LaTeX Font Info:    Overwriting symbol font `AMSb' in version `normal'
(Font)                  U/msb/m/n --> U/jkpsyb/m/n on input line 528.
LaTeX Font Info:    Overwriting symbol font `AMSb' in version `bold'
(Font)                  U/msb/m/n --> U/jkpsyb/m/n on input line 528.
LaTeX Font Info:    Overwriting symbol font `AMSb' in version `rm'
(Font)                  U/msb/m/n --> U/jkpsyb/m/n on input line 528.
LaTeX Font Info:    Overwriting symbol font `AMSb' in version `boldrm'
(Font)                  U/msb/m/n --> U/jkpsyb/m/n on input line 528.
LaTeX Font Info:    Overwriting symbol font `AMSb' in version `sf'
(Font)                  U/msb/m/n --> U/jkpsyb/m/n on input line 528.
LaTeX Font Info:    Overwriting symbol font `AMSb' in version `boldsf'
(Font)                  U/msb/m/n --> U/jkpsyb/m/n on input line 528.
LaTeX Font Info:    Overwriting symbol font `AMSb' in version `bold'
(Font)                  U/jkpsyb/m/n --> U/jkpsyb/bx/n on input line 529.
LaTeX Font Info:    Overwriting symbol font `AMSb' in version `rm'
(Font)                  U/jkpsyb/m/n --> U/jkpsyb/m/n on input line 530.
LaTeX Font Info:    Overwriting symbol font `AMSb' in version `boldrm'
(Font)                  U/jkpsyb/m/n --> U/jkpsyb/bx/n on input line 531.
LaTeX Font Info:    Overwriting symbol font `AMSb' in version `sf'
(Font)                  U/jkpsyb/m/n --> U/jkpsssyb/m/n on input line 532.
LaTeX Font Info:    Overwriting symbol font `AMSb' in version `boldsf'
(Font)                  U/jkpsyb/m/n --> U/jkpsssyb/bx/n on input line 533.
\symsymbolsC=\mathgroup7
LaTeX Font Info:    Overwriting symbol font `symbolsC' in version `bold'
(Font)                  U/jkpsyc/m/n --> U/jkpsyc/bx/n on input line 549.
LaTeX Font Info:    Overwriting symbol font `symbolsC' in version `rm'
(Font)                  U/jkpsyc/m/n --> U/jkpsyc/m/n on input line 551.
LaTeX Font Info:    Overwriting symbol font `symbolsC' in version `boldrm'
(Font)                  U/jkpsyc/m/n --> U/jkpsyc/bx/n on input line 552.
LaTeX Font Info:    Overwriting symbol font `symbolsC' in version `sf'
(Font)                  U/jkpsyc/m/n --> U/jkpsyc/m/n on input line 553.
LaTeX Font Info:    Overwriting symbol font `symbolsC' in version `boldsf'
(Font)                  U/jkpsyc/m/n --> U/jkpsyc/bx/n on input line 554.
LaTeX Font Info:    Overwriting math alphabet `\mathscr' in version `bold'
(Font)                  U/jkpsyd/m/n --> U/jkpsyd/bx/n on input line 583.
LaTeX Font Info:    Overwriting math alphabet `\mathscr' in version `rm'
(Font)                  U/jkpsyd/m/n --> U/jkpsyd/m/n on input line 585.
LaTeX Font Info:    Overwriting math alphabet `\mathscr' in version `boldrm'
(Font)                  U/jkpsyd/m/n --> U/jkpsyd/bx/n on input line 586.
LaTeX Font Info:    Overwriting math alphabet `\mathscr' in version `sf'
(Font)                  U/jkpsyd/m/n --> U/jkpsyd/m/n on input line 587.
LaTeX Font Info:    Overwriting math alphabet `\mathscr' in version `boldsf'
(Font)                  U/jkpsyd/m/n --> U/jkpsyd/bx/n on input line 588.
LaTeX Font Info:    Redeclaring symbol font `largesymbols' on input line 598.
LaTeX Font Info:    Overwriting symbol font `largesymbols' in version `normal'
(Font)                  OMX/cmex/m/n --> OMX/jkp/m/n on input line 598.
LaTeX Font Info:    Overwriting symbol font `largesymbols' in version `bold'
(Font)                  OMX/cmex/m/n --> OMX/jkp/m/n on input line 598.
LaTeX Font Info:    Overwriting symbol font `largesymbols' in version `rm'
(Font)                  OMX/cmex/m/n --> OMX/jkp/m/n on input line 598.
LaTeX Font Info:    Overwriting symbol font `largesymbols' in version `boldrm'
(Font)                  OMX/cmex/m/n --> OMX/jkp/m/n on input line 598.
LaTeX Font Info:    Overwriting symbol font `largesymbols' in version `sf'
(Font)                  OMX/cmex/m/n --> OMX/jkp/m/n on input line 598.
LaTeX Font Info:    Overwriting symbol font `largesymbols' in version `boldsf'
(Font)                  OMX/cmex/m/n --> OMX/jkp/m/n on input line 598.
LaTeX Font Info:    Overwriting symbol font `largesymbols' in version `bold'
(Font)                  OMX/jkp/m/n --> OMX/jkp/bx/n on input line 599.
LaTeX Font Info:    Overwriting symbol font `largesymbols' in version `rm'
(Font)                  OMX/jkp/m/n --> OMX/jkp/m/n on input line 601.
LaTeX Font Info:    Overwriting symbol font `largesymbols' in version `boldrm'
(Font)                  OMX/jkp/m/n --> OMX/jkp/bx/n on input line 602.
LaTeX Font Info:    Overwriting symbol font `largesymbols' in version `sf'
(Font)                  OMX/jkp/m/n --> OMX/jkpss/m/n on input line 603.
LaTeX Font Info:    Overwriting symbol font `largesymbols' in version `boldsf'
(Font)                  OMX/jkp/m/n --> OMX/jkpss/bx/n on input line 604.
\symlargesymbolsA=\mathgroup8
LaTeX Font Info:    Overwriting symbol font `largesymbolsA' in version `bold'
(Font)                  U/jkpexa/m/n --> U/jkpexa/bx/n on input line 615.
LaTeX Font Info:    Overwriting symbol font `largesymbolsA' in version `rm'
(Font)                  U/jkpexa/m/n --> U/jkpexa/m/n on input line 617.
LaTeX Font Info:    Overwriting symbol font `largesymbolsA' in version `boldrm'

(Font)                  U/jkpexa/m/n --> U/jkpexa/bx/n on input line 618.
LaTeX Font Info:    Overwriting symbol font `largesymbolsA' in version `sf'
(Font)                  U/jkpexa/m/n --> U/jkpexa/m/n on input line 619.
LaTeX Font Info:    Overwriting symbol font `largesymbolsA' in version `boldsf'

(Font)                  U/jkpexa/m/n --> U/jkpexa/bx/n on input line 620.
LaTeX Info: Redefining \not on input line 1580.
)
(C:\Users\anton\AppData\Local\Programs\MiKTeX\tex/latex/listings\listings.sty
\lst@mode=\count275
\lst@gtempboxa=\box52
\lst@token=\toks25
\lst@length=\count276
\lst@currlwidth=\dimen151
\lst@column=\count277
\lst@pos=\count278
\lst@lostspace=\dimen152
\lst@width=\dimen153
\lst@newlines=\count279
\lst@lineno=\count280
\lst@maxwidth=\dimen154

(C:\Users\anton\AppData\Local\Programs\MiKTeX\tex/latex/listings\lstmisc.sty
File: lstmisc.sty 2020/03/24 1.8d (Carsten Heinz)
\c@lstnumber=\count281
\lst@skipnumbers=\count282
\lst@framebox=\box53
)
(C:\Users\anton\AppData\Local\Programs\MiKTeX\tex/latex/listings\listings.cfg
File: listings.cfg 2020/03/24 1.8d listings configuration
))
Package: listings 2020/03/24 1.8d (Carsten Heinz)
(C:\Users\anton\AppData\Local\Programs\MiKTeX\tex/latex/float\float.sty
Package: float 2001/11/08 v1.3d Float enhancements (AL)
\c@float@type=\count283
\float@exts=\toks26
\float@box=\box54
\@float@everytoks=\toks27
\@floatcapt=\box55
)
(C:\Users\anton\AppData\Local\Programs\MiKTeX\tex/latex/siunitx\siunitx.sty
Package: siunitx 2021-06-09 v3.0.12 A comprehensive (SI) units package
\l__siunitx_angle_tmp_dim=\dimen155
\l__siunitx_angle_marker_box=\box56
\l__siunitx_angle_unit_box=\box57
\l__siunitx_compound_count_int=\count284

(C:\Users\anton\AppData\Local\Programs\MiKTeX\tex/latex/translations\translatio
ns.sty
Package: translations 2021/01/17 v1.10a internationalization of LaTeX2e package
s (CN)

(C:\Users\anton\AppData\Local\Programs\MiKTeX\tex/latex/etoolbox\etoolbox.sty
Package: etoolbox 2020/10/05 v2.5k e-TeX tools for LaTeX (JAW)
\etb@tempcnta=\count285
)
(C:\Users\anton\AppData\Local\Programs\MiKTeX\tex/generic/pdftexcmds\pdftexcmds
.sty
Package: pdftexcmds 2020-06-27 v0.33 Utility functions of pdfTeX for LuaTeX (HO
)

(C:\Users\anton\AppData\Local\Programs\MiKTeX\tex/generic/infwarerr\infwarerr.s
ty
Package: infwarerr 2019/12/03 v1.5 Providing info/warning/error messages (HO)
) (C:\Users\anton\AppData\Local\Programs\MiKTeX\tex/generic/iftex\iftex.sty
Package: iftex 2020/03/06 v1.0d TeX engine tests
)
(C:\Users\anton\AppData\Local\Programs\MiKTeX\tex/generic/ltxcmds\ltxcmds.sty
Package: ltxcmds 2020-05-10 v1.25 LaTeX kernel commands for general use (HO)
)
Package pdftexcmds Info: \pdf@primitive is available.
Package pdftexcmds Info: \pdf@ifprimitive is available.
Package pdftexcmds Info: \pdfdraftmode found.
))
\l__siunitx_number_exponent_fixed_int=\count286
\l__siunitx_number_min_decimal_int=\count287
\l__siunitx_number_min_integer_int=\count288
\l__siunitx_number_round_precision_int=\count289
\l__siunitx_number_group_minimum_int=\count290
 (C:\Users\anton\AppData\Local\Programs\MiKTeX\tex/latex/graphics\color.sty
Package: color 2020/02/24 v1.2b Standard LaTeX Color (DPC)

(C:\Users\anton\AppData\Local\Programs\MiKTeX\tex/latex/graphics-cfg\color.cfg
File: color.cfg 2016/01/02 v1.6 sample color configuration
)
Package color Info: Driver file: pdftex.def on input line 149.
)
\l__siunitx_table_tmp_box=\box58
\l__siunitx_table_tmp_dim=\dimen156
\l__siunitx_table_column_width_dim=\dimen157
\l__siunitx_table_integer_box=\box59
\l__siunitx_table_decimal_box=\box60
\l__siunitx_table_before_box=\box61
\l__siunitx_table_after_box=\box62
\l__siunitx_table_before_dim=\dimen158
\l__siunitx_table_carry_dim=\dimen159
\l__siunitx_unit_tmp_int=\count291
\l__siunitx_unit_position_int=\count292
\l__siunitx_unit_total_int=\count293

(C:\Users\anton\AppData\Local\Programs\MiKTeX\tex/latex/l3packages/l3keys2e\l3k
eys2e.sty
(C:\Users\anton\AppData\Local\Programs\MiKTeX\tex/latex/l3kernel\expl3.sty
Package: expl3 2021-06-01 L3 programming layer (loader) 

(C:\Users\anton\AppData\Local\Programs\MiKTeX\tex/latex/l3backend\l3backend-pdf
tex.def
File: l3backend-pdftex.def 2021-05-07 L3 backend support: PDF output (pdfTeX)
\l__color_backend_stack_int=\count294
\l__pdf_internal_box=\box63
))
Package: l3keys2e 2021-06-01 LaTeX2e option processing using LaTeX3 keys
)
(C:\Users\anton\AppData\Local\Programs\MiKTeX\tex/latex/tools\array.sty
Package: array 2021/04/20 v2.5e Tabular extension package (FMi)
\col@sep=\dimen160
\ar@mcellbox=\box64
\extrarowheight=\dimen161
\NC@list=\toks28
\extratabsurround=\skip52
\backup@length=\skip53
\ar@cellbox=\box65
))
(C:\Users\anton\AppData\Local\Programs\MiKTeX\tex/latex/tools\enumerate.sty
Package: enumerate 2015/07/23 v3.00 enumerate extensions (DPC)
\@enLab=\toks29
)
(C:\Users\anton\AppData\Local\Programs\MiKTeX\tex/latex/tools\multicol.sty
Package: multicol 2019/12/09 v1.8y multicolumn formatting (FMi)
\c@tracingmulticols=\count295
\mult@box=\box66
\multicol@leftmargin=\dimen162
\c@unbalance=\count296
\c@collectmore=\count297
\doublecol@number=\count298
\multicoltolerance=\count299
\multicolpretolerance=\count300
\full@width=\dimen163
\page@free=\dimen164
\premulticols=\dimen165
\postmulticols=\dimen166
\multicolsep=\skip54
\multicolbaselineskip=\skip55
\partial@page=\box67
\last@line=\box68
\maxbalancingoverflow=\dimen167
\mult@rightbox=\box69
\mult@grightbox=\box70
\mult@gfirstbox=\box71
\mult@firstbox=\box72
\@tempa=\box73
\@tempa=\box74
\@tempa=\box75
\@tempa=\box76
\@tempa=\box77
\@tempa=\box78
\@tempa=\box79
\@tempa=\box80
\@tempa=\box81
\@tempa=\box82
\@tempa=\box83
\@tempa=\box84
\@tempa=\box85
\@tempa=\box86
\@tempa=\box87
\@tempa=\box88
\@tempa=\box89
\@tempa=\box90
\@tempa=\box91
\@tempa=\box92
\@tempa=\box93
\@tempa=\box94
\@tempa=\box95
\@tempa=\box96
\@tempa=\box97
\@tempa=\box98
\@tempa=\box99
\@tempa=\box100
\@tempa=\box101
\@tempa=\box102
\@tempa=\box103
\@tempa=\box104
\@tempa=\box105
\@tempa=\box106
\@tempa=\box107
\@tempa=\box108
\@tempa=\box109
\c@minrows=\count301
\c@columnbadness=\count302
\c@finalcolumnbadness=\count303
\last@try=\dimen168
\multicolovershoot=\dimen169
\multicolundershoot=\dimen170
\mult@nat@firstbox=\box110
\colbreak@box=\box111
\mc@col@check@num=\count304
)
(C:\Users\anton\AppData\Local\Programs\MiKTeX\tex/latex/multirow\multirow.sty
Package: multirow 2021/03/15 v2.8 Span multiple rows of a table
\multirow@colwidth=\skip56
\multirow@cntb=\count305
\multirow@dima=\skip57
\bigstrutjot=\dimen171
)
(C:\Users\anton\AppData\Local\Programs\MiKTeX\tex/latex/colortbl\colortbl.sty
Package: colortbl 2020/01/04 v1.0e Color table columns (DPC)
\everycr=\toks30
\minrowclearance=\skip58
)
(C:\Users\anton\AppData\Local\Programs\MiKTeX\tex/latex/pdfpages\pdfpages.sty
Package: pdfpages 2021/03/06 v0.5t Insert pages of external PDF documents (AM)

(C:\Users\anton\AppData\Local\Programs\MiKTeX\tex/latex/base\ifthen.sty
Package: ifthen 2020/11/24 v1.1c Standard LaTeX ifthen package (DPC)
)
(C:\Users\anton\AppData\Local\Programs\MiKTeX\tex/latex/tools\calc.sty
Package: calc 2017/05/25 v4.3 Infix arithmetic (KKT,FJ)
\calc@Acount=\count306
\calc@Bcount=\count307
\calc@Adimen=\dimen172
\calc@Bdimen=\dimen173
\calc@Askip=\skip59
\calc@Bskip=\skip60
LaTeX Info: Redefining \setlength on input line 80.
LaTeX Info: Redefining \addtolength on input line 81.
\calc@Ccount=\count308
\calc@Cskip=\skip61
)
(C:\Users\anton\AppData\Local\Programs\MiKTeX\tex/latex/eso-pic\eso-pic.sty
Package: eso-pic 2020/10/14 v3.0a eso-pic (RN)
\ESO@tempdima=\dimen174
\ESO@tempdimb=\dimen175
)
\AM@pagewidth=\dimen176
\AM@pageheight=\dimen177
\AM@fboxrule=\dimen178

(C:\Users\anton\AppData\Local\Programs\MiKTeX\tex/latex/pdfpages\pppdftex.def
File: pppdftex.def 2021/03/06 v0.5t Pdfpages driver for pdfTeX (AM)
)
\pdfpages@includegraphics@status=\count309
\AM@pagebox=\box112
\AM@global@opts=\toks31
\AM@pagecnt=\count310
\AM@toc@title=\toks32
\c@AM@survey=\count311
\AM@templatesizebox=\box113
)
(C:\Users\anton\AppData\Local\Programs\MiKTeX\tex/latex/subfigure\subfigure.sty
Package: subfigure 2002/07/30 v2.1.4 subfigure package
\subfigtopskip=\skip62
\subfigcapskip=\skip63
\subfigcaptopadj=\dimen179
\subfigbottomskip=\skip64
\subfigcapmargin=\dimen180
\subfiglabelskip=\skip65
\c@subfigure=\count312
\c@lofdepth=\count313
\c@subtable=\count314
\c@lotdepth=\count315
****************************************
* Local config file subfigure.cfg used *
****************************************

(C:\Users\anton\AppData\Local\Programs\MiKTeX\tex/latex/subfigure\subfigure.cfg
)
\subfig@top=\skip66
\subfig@bottom=\skip67
)
LaTeX Font Info:    Trying to load font information for OT1+jkp on input line 2
2.
 (C:\Users\anton\AppData\Local\Programs\MiKTeX\tex/latex/kpfonts\ot1jkp.fd
File: ot1jkp.fd 2007/08/30 Fontinst v1.928 font definitions for OT1/jkp.
)
(Prac04_TSP_ResctrictedbyOAEB.aux
LaTeX Info: Redefining \. on input line 8.
LaTeX Info: Redefining \% on input line 8.


LaTeX Warning: Label `Señal 2' multiply defined.


LaTeX Warning: Label `sub@Señal 2' multiply defined.


LaTeX Warning: Label `Señal 2' multiply defined.


LaTeX Warning: Label `sub@Señal 2' multiply defined.


LaTeX Warning: Label `Señal 1' multiply defined.


LaTeX Warning: Label `sub@Señal 1' multiply defined.


LaTeX Warning: Label `Señal 2' multiply defined.


LaTeX Warning: Label `sub@Señal 2' multiply defined.


LaTeX Warning: Label `Señal 2' multiply defined.


LaTeX Warning: Label `sub@Señal 2' multiply defined.


LaTeX Warning: Label `Señal 2' multiply defined.


LaTeX Warning: Label `sub@Señal 2' multiply defined.


LaTeX Warning: Label `Patron de señales para reconocimiento de señal Gaussian
a' multiply defined.


LaTeX Warning: Label `' multiply defined.


LaTeX Warning: Label `' multiply defined.

)
\openout1 = `Prac04_TSP_ResctrictedbyOAEB.aux'.

LaTeX Font Info:    Checking defaults for OML/jkp/m/it on input line 22.
LaTeX Font Info:    Trying to load font information for OML+jkp on input line 2
2.
 (C:\Users\anton\AppData\Local\Programs\MiKTeX\tex/latex/kpfonts\omljkp.fd
File: omljkp.fd 2006/08/15 v1.0
)
LaTeX Font Info:    ... okay on input line 22.
LaTeX Font Info:    Checking defaults for OMS/jkp/m/n on input line 22.
LaTeX Font Info:    Trying to load font information for OMS+jkp on input line 2
2.

(C:\Users\anton\AppData\Local\Programs\MiKTeX\tex/latex/kpfonts\omsjkp.fd
File: omsjkp.fd 2006/08/15 v1.0
)
LaTeX Font Info:    ... okay on input line 22.
LaTeX Font Info:    Checking defaults for OT1/cmr/m/n on input line 22.
LaTeX Font Info:    ... okay on input line 22.
LaTeX Font Info:    Checking defaults for T1/cmr/m/n on input line 22.
LaTeX Font Info:    ... okay on input line 22.
LaTeX Font Info:    Checking defaults for TS1/cmr/m/n on input line 22.
LaTeX Font Info:    ... okay on input line 22.
LaTeX Font Info:    Checking defaults for OMX/jkp/m/n on input line 22.
LaTeX Font Info:    Trying to load font information for OMX+jkp on input line 2
2.

(C:\Users\anton\AppData\Local\Programs\MiKTeX\tex/latex/kpfonts\omxjkp.fd
File: omxjkp.fd 2006/08/15 v1.0
)
LaTeX Font Info:    ... okay on input line 22.
LaTeX Font Info:    Checking defaults for U/jkpexa/m/n on input line 22.
LaTeX Font Info:    Trying to load font information for U+jkpexa on input line 
22.

(C:\Users\anton\AppData\Local\Programs\MiKTeX\tex/latex/kpfonts\ujkpexa.fd
File: ujkpexa.fd 2006/08/15 v1.0
)
LaTeX Font Info:    ... okay on input line 22.
LaTeX Info: Redefining \. on input line 22.
LaTeX Info: Redefining \% on input line 22.

(C:\Users\anton\AppData\Local\Programs\MiKTeX\tex/context/base/mkii\supp-pdf.mk
ii
[Loading MPS to PDF converter (version 2006.09.02).]
\scratchcounter=\count316
\scratchdimen=\dimen181
\scratchbox=\box114
\nofMPsegments=\count317
\nofMParguments=\count318
\everyMPshowfont=\toks33
\MPscratchCnt=\count319
\MPscratchDim=\dimen182
\MPnumerator=\count320
\makeMPintoPDFobject=\count321
\everyMPtoPDFconversion=\toks34
)
(C:\Users\anton\AppData\Local\Programs\MiKTeX\tex/latex/epstopdf-pkg\epstopdf-b
ase.sty
Package: epstopdf-base 2020-01-24 v2.11 Base part for package epstopdf
Package epstopdf-base Info: Redefining graphics rule for `.eps' on input line 4
85.

(C:\Users\anton\AppData\Local\Programs\MiKTeX\tex/latex/00miktex\epstopdf-sys.c
fg
File: epstopdf-sys.cfg 2021/03/18 v2.0 Configuration of epstopdf for MiKTeX
))
\c@lstlisting=\count322

(C:\Users\anton\AppData\Local\Programs\MiKTeX\tex/latex/translations/dicts\tran
slations-basic-dictionary-spanish.trsl
File: translations-basic-dictionary-spanish.trsl (spanish translation file `tra
nslations-basic-dictionary')
)
Package translations Info: loading dictionary `translations-basic-dictionary' f
or `spanish'. on input line 22.

(C:\Users\anton\AppData\Local\Programs\MiKTeX\tex/latex/pdflscape\pdflscape.sty
Package: pdflscape 2019/12/05 v0.12 Display of landscape pages in PDF (HO)
(C:\Users\anton\AppData\Local\Programs\MiKTeX\tex/latex/graphics\lscape.sty
Package: lscape 2020/05/28 v3.02 Landscape Pages (DPC)
)
Package pdflscape Info: Auto-detected driver: pdftex on input line 81.
)
<C:/Users/anton/Documents/MCIA/UAQ _MCIA/Sem2_Computo_Evolutivo/Pictures/logos_
fi_uaq.png, id=1, 576.1525pt x 374.39874pt>
File: C:/Users/anton/Documents/MCIA/UAQ _MCIA/Sem2_Computo_Evolutivo/Pictures/l
ogos_fi_uaq.png Graphic file (type png)
<use C:/Users/anton/Documents/MCIA/UAQ _MCIA/Sem2_Computo_Evolutivo/Pictures/lo
gos_fi_uaq.png>
Package pdftex.def Info: C:/Users/anton/Documents/MCIA/UAQ _MCIA/Sem2_Computo_E
volutivo/Pictures/logos_fi_uaq.png  used on input line 29.
(pdftex.def)             Requested size: 103.50105pt x 67.25746pt.
LaTeX Font Info:    Trying to load font information for U+jkpsya on input line 
30.

(C:\Users\anton\AppData\Local\Programs\MiKTeX\tex/latex/kpfonts\ujkpsya.fd
File: ujkpsya.fd 2006/08/15 v1.0
)
LaTeX Font Info:    Trying to load font information for U+jkpsyb on input line 
30.

(C:\Users\anton\AppData\Local\Programs\MiKTeX\tex/latex/kpfonts\ujkpsyb.fd
File: ujkpsyb.fd 2006/08/15 v1.0
)
LaTeX Font Info:    Trying to load font information for U+jkpmia on input line 
30.

(C:\Users\anton\AppData\Local\Programs\MiKTeX\tex/latex/kpfonts\ujkpmia.fd
File: ujkpmia.fd 2006/08/15 v1.0
)
LaTeX Font Info:    Trying to load font information for U+jkpsyc on input line 
30.

(C:\Users\anton\AppData\Local\Programs\MiKTeX\tex/latex/kpfonts\ujkpsyc.fd
File: ujkpsyc.fd 2006/08/15 v1.0
)
[1

{C:/Users/anton/AppData/Local/MiKTeX/pdftex/config/pdftex.map} <C:/Users/anton/
Documents/MCIA/UAQ _MCIA/Sem2_Computo_Evolutivo/Pictures/logos_fi_uaq.png>]
No file Prac04_TSP_ResctrictedbyOAEB.ind.

Underfull \hbox (badness 10000) in paragraph at lines 118--126

 []


Underfull \hbox (badness 10000) in paragraph at lines 118--126

 []


Underfull \hbox (badness 10000) in paragraph at lines 118--126

 []

[1]
Underfull \hbox (badness 10000) in paragraph at lines 133--137

 []


Underfull \hbox (badness 10000) in paragraph at lines 133--137

 []


Underfull \hbox (badness 10000) in paragraph at lines 133--137

 []


Underfull \hbox (badness 10000) in paragraph at lines 144--149

 []


Underfull \hbox (badness 10000) in paragraph at lines 144--149

 []


Underfull \hbox (badness 10000) in paragraph at lines 151--152

 []

[2]
Underfull \hbox (badness 10000) in paragraph at lines 168--169

 []


Underfull \hbox (badness 10000) in paragraph at lines 175--184

 []


Underfull \hbox (badness 10000) in paragraph at lines 175--184

 []


Underfull \hbox (badness 10000) in paragraph at lines 175--184

 []


Underfull \hbox (badness 10000) in paragraph at lines 175--184

 []

[3]
Underfull \hbox (badness 10000) in paragraph at lines 204--227

 []


Underfull \hbox (badness 10000) in paragraph at lines 204--227

 []


Underfull \hbox (badness 10000) in paragraph at lines 204--227

 []


Underfull \hbox (badness 10000) in paragraph at lines 204--227

 []

[4]
<C:/Users/anton/Documents/MCIA/UAQ _MCIA/Sem2_Computo_Evolutivo/Prac04TSPRestri
ctivo/pngs/CromValido.png, id=26, 498.06075pt x 54.80475pt>
File: C:/Users/anton/Documents/MCIA/UAQ _MCIA/Sem2_Computo_Evolutivo/Prac04TSPR
estrictivo/pngs/CromValido.png Graphic file (type png)
<use C:/Users/anton/Documents/MCIA/UAQ _MCIA/Sem2_Computo_Evolutivo/Prac04TSPRe
strictivo/pngs/CromValido.png>
Package pdftex.def Info: C:/Users/anton/Documents/MCIA/UAQ _MCIA/Sem2_Computo_E
volutivo/Prac04TSPRestrictivo/pngs/CromValido.png  used on input line 230.
(pdftex.def)             Requested size: 345.0pt x 37.96416pt.

Underfull \hbox (badness 10000) in paragraph at lines 234--237

 []

[5 <C:/Users/anton/Documents/MCIA/UAQ _MCIA/Sem2_Computo_Evolutivo/Prac04TSPRes
trictivo/pngs/CromValido.png>]
<C:/Users/anton/Documents/MCIA/UAQ _MCIA/Sem2_Computo_Evolutivo/Prac04TSPRestri
ctivo/pngs/aleatorios.png, id=31, 678.1335pt x 86.12175pt>
File: C:/Users/anton/Documents/MCIA/UAQ _MCIA/Sem2_Computo_Evolutivo/Prac04TSPR
estrictivo/pngs/aleatorios.png Graphic file (type png)
<use C:/Users/anton/Documents/MCIA/UAQ _MCIA/Sem2_Computo_Evolutivo/Prac04TSPRe
strictivo/pngs/aleatorios.png>
Package pdftex.def Info: C:/Users/anton/Documents/MCIA/UAQ _MCIA/Sem2_Computo_E
volutivo/Prac04TSPRestrictivo/pngs/aleatorios.png  used on input line 240.
(pdftex.def)             Requested size: 345.0pt x 43.81375pt.

Underfull \hbox (badness 10000) in paragraph at lines 246--253

 []


Underfull \hbox (badness 10000) in paragraph at lines 246--253

 []


Underfull \hbox (badness 10000) in paragraph at lines 246--253

 []

<C:/Users/anton/Documents/MCIA/UAQ _MCIA/Sem2_Computo_Evolutivo/Prac04TSPRestri
ctivo/pngs/Graf01.png, id=32, 1084.05pt x 722.7pt>
File: C:/Users/anton/Documents/MCIA/UAQ _MCIA/Sem2_Computo_Evolutivo/Prac04TSPR
estrictivo/pngs/Graf01.png Graphic file (type png)
<use C:/Users/anton/Documents/MCIA/UAQ _MCIA/Sem2_Computo_Evolutivo/Prac04TSPRe
strictivo/pngs/Graf01.png>
Package pdftex.def Info: C:/Users/anton/Documents/MCIA/UAQ _MCIA/Sem2_Computo_E
volutivo/Prac04TSPRestrictivo/pngs/Graf01.png  used on input line 260.
(pdftex.def)             Requested size: 162.15042pt x 108.09155pt.
<C:/Users/anton/Documents/MCIA/UAQ _MCIA/Sem2_Computo_Evolutivo/Prac04TSPRestri
ctivo/pngs/Graf02.png, id=33, 1084.05pt x 722.7pt>
File: C:/Users/anton/Documents/MCIA/UAQ _MCIA/Sem2_Computo_Evolutivo/Prac04TSPR
estrictivo/pngs/Graf02.png Graphic file (type png)
<use C:/Users/anton/Documents/MCIA/UAQ _MCIA/Sem2_Computo_Evolutivo/Prac04TSPRe
strictivo/pngs/Graf02.png>
Package pdftex.def Info: C:/Users/anton/Documents/MCIA/UAQ _MCIA/Sem2_Computo_E
volutivo/Prac04TSPRestrictivo/pngs/Graf02.png  used on input line 263.
(pdftex.def)             Requested size: 162.15042pt x 108.09155pt.
<C:/Users/anton/Documents/MCIA/UAQ _MCIA/Sem2_Computo_Evolutivo/Prac04TSPRestri
ctivo/pngs/Graf03.png, id=34, 1084.05pt x 722.7pt>
File: C:/Users/anton/Documents/MCIA/UAQ _MCIA/Sem2_Computo_Evolutivo/Prac04TSPR
estrictivo/pngs/Graf03.png Graphic file (type png)
<use C:/Users/anton/Documents/MCIA/UAQ _MCIA/Sem2_Computo_Evolutivo/Prac04TSPRe
strictivo/pngs/Graf03.png>
Package pdftex.def Info: C:/Users/anton/Documents/MCIA/UAQ _MCIA/Sem2_Computo_E
volutivo/Prac04TSPRestrictivo/pngs/Graf03.png  used on input line 266.
(pdftex.def)             Requested size: 162.15042pt x 108.09155pt.
<C:/Users/anton/Documents/MCIA/UAQ _MCIA/Sem2_Computo_Evolutivo/Prac04TSPRestri
ctivo/pngs/Graf04.png, id=35, 1084.05pt x 722.7pt>
File: C:/Users/anton/Documents/MCIA/UAQ _MCIA/Sem2_Computo_Evolutivo/Prac04TSPR
estrictivo/pngs/Graf04.png Graphic file (type png)
<use C:/Users/anton/Documents/MCIA/UAQ _MCIA/Sem2_Computo_Evolutivo/Prac04TSPRe
strictivo/pngs/Graf04.png>
Package pdftex.def Info: C:/Users/anton/Documents/MCIA/UAQ _MCIA/Sem2_Computo_E
volutivo/Prac04TSPRestrictivo/pngs/Graf04.png  used on input line 269.
(pdftex.def)             Requested size: 162.15042pt x 108.09155pt.
[6 <C:/Users/anton/Documents/MCIA/UAQ _MCIA/Sem2_Computo_Evolutivo/Prac04TSPRes
trictivo/pngs/aleatorios.png>]
Underfull \hbox (badness 10000) in paragraph at lines 277--284

 []


Underfull \hbox (badness 10000) in paragraph at lines 277--284

 []


Underfull \hbox (badness 10000) in paragraph at lines 277--284

 []

<C:/Users/anton/Documents/MCIA/UAQ _MCIA/Sem2_Computo_Evolutivo/Prac04TSPRestri
ctivo/pngs/Graf05.png, id=41, 1084.05pt x 722.7pt>
File: C:/Users/anton/Documents/MCIA/UAQ _MCIA/Sem2_Computo_Evolutivo/Prac04TSPR
estrictivo/pngs/Graf05.png Graphic file (type png)
<use C:/Users/anton/Documents/MCIA/UAQ _MCIA/Sem2_Computo_Evolutivo/Prac04TSPRe
strictivo/pngs/Graf05.png>
Package pdftex.def Info: C:/Users/anton/Documents/MCIA/UAQ _MCIA/Sem2_Computo_E
volutivo/Prac04TSPRestrictivo/pngs/Graf05.png  used on input line 291.
(pdftex.def)             Requested size: 162.15042pt x 108.09155pt.
<C:/Users/anton/Documents/MCIA/UAQ _MCIA/Sem2_Computo_Evolutivo/Prac04TSPRestri
ctivo/pngs/Graf06.png, id=42, 1084.05pt x 722.7pt>
File: C:/Users/anton/Documents/MCIA/UAQ _MCIA/Sem2_Computo_Evolutivo/Prac04TSPR
estrictivo/pngs/Graf06.png Graphic file (type png)
<use C:/Users/anton/Documents/MCIA/UAQ _MCIA/Sem2_Computo_Evolutivo/Prac04TSPRe
strictivo/pngs/Graf06.png>
Package pdftex.def Info: C:/Users/anton/Documents/MCIA/UAQ _MCIA/Sem2_Computo_E
volutivo/Prac04TSPRestrictivo/pngs/Graf06.png  used on input line 294.
(pdftex.def)             Requested size: 162.15042pt x 108.09155pt.
<C:/Users/anton/Documents/MCIA/UAQ _MCIA/Sem2_Computo_Evolutivo/Prac04TSPRestri
ctivo/pngs/Graf07.png, id=43, 1084.05pt x 722.7pt>
File: C:/Users/anton/Documents/MCIA/UAQ _MCIA/Sem2_Computo_Evolutivo/Prac04TSPR
estrictivo/pngs/Graf07.png Graphic file (type png)
<use C:/Users/anton/Documents/MCIA/UAQ _MCIA/Sem2_Computo_Evolutivo/Prac04TSPRe
strictivo/pngs/Graf07.png>
Package pdftex.def Info: C:/Users/anton/Documents/MCIA/UAQ _MCIA/Sem2_Computo_E
volutivo/Prac04TSPRestrictivo/pngs/Graf07.png  used on input line 297.
(pdftex.def)             Requested size: 162.15042pt x 108.09155pt.
<C:/Users/anton/Documents/MCIA/UAQ _MCIA/Sem2_Computo_Evolutivo/Prac04TSPRestri
ctivo/pngs/Graf08.png, id=44, 1084.05pt x 722.7pt>
File: C:/Users/anton/Documents/MCIA/UAQ _MCIA/Sem2_Computo_Evolutivo/Prac04TSPR
estrictivo/pngs/Graf08.png Graphic file (type png)
<use C:/Users/anton/Documents/MCIA/UAQ _MCIA/Sem2_Computo_Evolutivo/Prac04TSPRe
strictivo/pngs/Graf08.png>
Package pdftex.def Info: C:/Users/anton/Documents/MCIA/UAQ _MCIA/Sem2_Computo_E
volutivo/Prac04TSPRestrictivo/pngs/Graf08.png  used on input line 300.
(pdftex.def)             Requested size: 162.15042pt x 108.09155pt.
[7 <C:/Users/anton/Documents/MCIA/UAQ _MCIA/Sem2_Computo_Evolutivo/Prac04TSPRes
trictivo/pngs/Graf01.png> <C:/Users/anton/Documents/MCIA/UAQ _MCIA/Sem2_Computo
_Evolutivo/Prac04TSPRestrictivo/pngs/Graf02.png> <C:/Users/anton/Documents/MCIA
/UAQ _MCIA/Sem2_Computo_Evolutivo/Prac04TSPRestrictivo/pngs/Graf03.png> <C:/Use
rs/anton/Documents/MCIA/UAQ _MCIA/Sem2_Computo_Evolutivo/Prac04TSPRestrictivo/p
ngs/Graf04.png>]
Underfull \hbox (badness 10000) in paragraph at lines 309--312

 []

<C:/Users/anton/Documents/MCIA/UAQ _MCIA/Sem2_Computo_Evolutivo/Prac04TSPRestri
ctivo/pngs/finalPath1.png, id=52, 1387.584pt x 730.6497pt>
File: C:/Users/anton/Documents/MCIA/UAQ _MCIA/Sem2_Computo_Evolutivo/Prac04TSPR
estrictivo/pngs/finalPath1.png Graphic file (type png)
<use C:/Users/anton/Documents/MCIA/UAQ _MCIA/Sem2_Computo_Evolutivo/Prac04TSPRe
strictivo/pngs/finalPath1.png>
Package pdftex.def Info: C:/Users/anton/Documents/MCIA/UAQ _MCIA/Sem2_Computo_E
volutivo/Prac04TSPRestrictivo/pngs/finalPath1.png  used on input line 315.
(pdftex.def)             Requested size: 345.0pt x 181.65858pt.
[8 <C:/Users/anton/Documents/MCIA/UAQ _MCIA/Sem2_Computo_Evolutivo/Prac04TSPRes
trictivo/pngs/Graf05.png> <C:/Users/anton/Documents/MCIA/UAQ _MCIA/Sem2_Computo
_Evolutivo/Prac04TSPRestrictivo/pngs/Graf06.png> <C:/Users/anton/Documents/MCIA
/UAQ _MCIA/Sem2_Computo_Evolutivo/Prac04TSPRestrictivo/pngs/Graf07.png> <C:/Use
rs/anton/Documents/MCIA/UAQ _MCIA/Sem2_Computo_Evolutivo/Prac04TSPRestrictivo/p
ngs/Graf08.png>]
<C:/Users/anton/Documents/MCIA/UAQ _MCIA/Sem2_Computo_Evolutivo/Prac04TSPRestri
ctivo/pngs/finalPath.png, id=60, 1387.584pt x 730.6497pt>
File: C:/Users/anton/Documents/MCIA/UAQ _MCIA/Sem2_Computo_Evolutivo/Prac04TSPR
estrictivo/pngs/finalPath.png Graphic file (type png)
<use C:/Users/anton/Documents/MCIA/UAQ _MCIA/Sem2_Computo_Evolutivo/Prac04TSPRe
strictivo/pngs/finalPath.png>
Package pdftex.def Info: C:/Users/anton/Documents/MCIA/UAQ _MCIA/Sem2_Computo_E
volutivo/Prac04TSPRestrictivo/pngs/finalPath.png  used on input line 321.
(pdftex.def)             Requested size: 345.0pt x 181.65858pt.

Underfull \hbox (badness 10000) in paragraph at lines 325--328

 []

<C:/Users/anton/Documents/MCIA/UAQ _MCIA/Sem2_Computo_Evolutivo/Prac04TSPRestri
ctivo/pngs/conclusion02.png, id=61, 486.01575pt x 413.74574pt>
File: C:/Users/anton/Documents/MCIA/UAQ _MCIA/Sem2_Computo_Evolutivo/Prac04TSPR
estrictivo/pngs/conclusion02.png Graphic file (type png)
<use C:/Users/anton/Documents/MCIA/UAQ _MCIA/Sem2_Computo_Evolutivo/Prac04TSPRe
strictivo/pngs/conclusion02.png>
Package pdftex.def Info: C:/Users/anton/Documents/MCIA/UAQ _MCIA/Sem2_Computo_E
volutivo/Prac04TSPRestrictivo/pngs/conclusion02.png  used on input line 331.
(pdftex.def)             Requested size: 345.0pt x 293.70471pt.
[9 <C:/Users/anton/Documents/MCIA/UAQ _MCIA/Sem2_Computo_Evolutivo/Prac04TSPRes
trictivo/pngs/finalPath1.png> <C:/Users/anton/Documents/MCIA/UAQ _MCIA/Sem2_Com
puto_Evolutivo/Prac04TSPRestrictivo/pngs/finalPath.png>]

pdfTeX warning: pdflatex (file ./codTSPRestrictivo.pdf): PDF inclusion: found P
DF version <1.7>, but at most version <1.5> allowed
<codTSPRestrictivo.pdf, id=67, 597.55246pt x 845.07724pt>
File: codTSPRestrictivo.pdf Graphic file (type pdf)
<use codTSPRestrictivo.pdf>
Package pdftex.def Info: codTSPRestrictivo.pdf  used on input line 344.
(pdftex.def)             Requested size: 597.551pt x 845.07518pt.


pdfTeX warning: pdflatex (file ./codTSPRestrictivo.pdf): PDF inclusion: found P
DF version <1.7>, but at most version <1.5> allowed
File: codTSPRestrictivo.pdf Graphic file (type pdf)
<use codTSPRestrictivo.pdf>
Package pdftex.def Info: codTSPRestrictivo.pdf  used on input line 344.
(pdftex.def)             Requested size: 597.551pt x 845.07518pt.


pdfTeX warning: pdflatex (file ./codTSPRestrictivo.pdf): PDF inclusion: found P
DF version <1.7>, but at most version <1.5> allowed


pdfTeX warning: pdflatex (file ./codTSPRestrictivo.pdf): PDF inclusion: found P
DF version <1.7>, but at most version <1.5> allowed
<codTSPRestrictivo.pdf, id=70, page=1, 597.55246pt x 845.07724pt>
File: codTSPRestrictivo.pdf Graphic file (type pdf)
<use codTSPRestrictivo.pdf, page 1>
Package pdftex.def Info: codTSPRestrictivo.pdf , page1 used on input line 344.
(pdftex.def)             Requested size: 597.551pt x 845.07518pt.
File: codTSPRestrictivo.pdf Graphic file (type pdf)
<use codTSPRestrictivo.pdf, page 1>
Package pdftex.def Info: codTSPRestrictivo.pdf , page1 used on input line 344.
(pdftex.def)             Requested size: 562.1644pt x 795.03036pt.
[10 <C:/Users/anton/Documents/MCIA/UAQ _MCIA/Sem2_Computo_Evolutivo/Prac04TSPRe
strictivo/pngs/conclusion02.png>]
File: codTSPRestrictivo.pdf Graphic file (type pdf)
<use codTSPRestrictivo.pdf, page 1>
Package pdftex.def Info: codTSPRestrictivo.pdf , page1 used on input line 344.
(pdftex.def)             Requested size: 562.1644pt x 795.03036pt.
File: codTSPRestrictivo.pdf Graphic file (type pdf)
<use codTSPRestrictivo.pdf, page 1>
Package pdftex.def Info: codTSPRestrictivo.pdf , page1 used on input line 344.
(pdftex.def)             Requested size: 562.1644pt x 795.03036pt.
File: codTSPRestrictivo.pdf Graphic file (type pdf)
<use codTSPRestrictivo.pdf, page 1>
Package pdftex.def Info: codTSPRestrictivo.pdf , page1 used on input line 344.
(pdftex.def)             Requested size: 562.1644pt x 795.03036pt.
 [11 <./codTSPRestrictivo.pdf>]

pdfTeX warning: pdflatex (file ./codTSPRestrictivo.pdf): PDF inclusion: found P
DF version <1.7>, but at most version <1.5> allowed
<codTSPRestrictivo.pdf, id=87, page=2, 597.55246pt x 845.07724pt>
File: codTSPRestrictivo.pdf Graphic file (type pdf)
<use codTSPRestrictivo.pdf, page 2>
Package pdftex.def Info: codTSPRestrictivo.pdf , page2 used on input line 344.
(pdftex.def)             Requested size: 562.1644pt x 795.03036pt.
File: codTSPRestrictivo.pdf Graphic file (type pdf)
<use codTSPRestrictivo.pdf, page 2>
Package pdftex.def Info: codTSPRestrictivo.pdf , page2 used on input line 344.
(pdftex.def)             Requested size: 562.1644pt x 795.03036pt.
File: codTSPRestrictivo.pdf Graphic file (type pdf)
<use codTSPRestrictivo.pdf, page 2>
Package pdftex.def Info: codTSPRestrictivo.pdf , page2 used on input line 344.
(pdftex.def)             Requested size: 562.1644pt x 795.03036pt.
[12 <./codTSPRestrictivo.pdf>]

pdfTeX warning: pdflatex (file ./codTSPRestrictivo.pdf): PDF inclusion: found P
DF version <1.7>, but at most version <1.5> allowed
<codTSPRestrictivo.pdf, id=92, page=3, 597.55246pt x 845.07724pt>
File: codTSPRestrictivo.pdf Graphic file (type pdf)
<use codTSPRestrictivo.pdf, page 3>
Package pdftex.def Info: codTSPRestrictivo.pdf , page3 used on input line 344.
(pdftex.def)             Requested size: 562.1644pt x 795.03036pt.
File: codTSPRestrictivo.pdf Graphic file (type pdf)
<use codTSPRestrictivo.pdf, page 3>
Package pdftex.def Info: codTSPRestrictivo.pdf , page3 used on input line 344.
(pdftex.def)             Requested size: 562.1644pt x 795.03036pt.
File: codTSPRestrictivo.pdf Graphic file (type pdf)
<use codTSPRestrictivo.pdf, page 3>
Package pdftex.def Info: codTSPRestrictivo.pdf , page3 used on input line 344.
(pdftex.def)             Requested size: 562.1644pt x 795.03036pt.
[13 <./codTSPRestrictivo.pdf>]

pdfTeX warning: pdflatex (file ./codTSPRestrictivo.pdf): PDF inclusion: found P
DF version <1.7>, but at most version <1.5> allowed
<codTSPRestrictivo.pdf, id=96, page=4, 597.55246pt x 845.07724pt>
File: codTSPRestrictivo.pdf Graphic file (type pdf)
<use codTSPRestrictivo.pdf, page 4>
Package pdftex.def Info: codTSPRestrictivo.pdf , page4 used on input line 344.
(pdftex.def)             Requested size: 562.1644pt x 795.03036pt.
File: codTSPRestrictivo.pdf Graphic file (type pdf)
<use codTSPRestrictivo.pdf, page 4>
Package pdftex.def Info: codTSPRestrictivo.pdf , page4 used on input line 344.
(pdftex.def)             Requested size: 562.1644pt x 795.03036pt.
File: codTSPRestrictivo.pdf Graphic file (type pdf)
<use codTSPRestrictivo.pdf, page 4>
Package pdftex.def Info: codTSPRestrictivo.pdf , page4 used on input line 344.
(pdftex.def)             Requested size: 562.1644pt x 795.03036pt.
[14 <./codTSPRestrictivo.pdf>]

pdfTeX warning: pdflatex (file ./codTSPRestrictivo.pdf): PDF inclusion: found P
DF version <1.7>, but at most version <1.5> allowed
<codTSPRestrictivo.pdf, id=100, page=5, 597.55246pt x 845.07724pt>
File: codTSPRestrictivo.pdf Graphic file (type pdf)
<use codTSPRestrictivo.pdf, page 5>
Package pdftex.def Info: codTSPRestrictivo.pdf , page5 used on input line 344.
(pdftex.def)             Requested size: 562.1644pt x 795.03036pt.
File: codTSPRestrictivo.pdf Graphic file (type pdf)
<use codTSPRestrictivo.pdf, page 5>
Package pdftex.def Info: codTSPRestrictivo.pdf , page5 used on input line 344.
(pdftex.def)             Requested size: 562.1644pt x 795.03036pt.
File: codTSPRestrictivo.pdf Graphic file (type pdf)
<use codTSPRestrictivo.pdf, page 5>
Package pdftex.def Info: codTSPRestrictivo.pdf , page5 used on input line 344.
(pdftex.def)             Requested size: 562.1644pt x 795.03036pt.
[15 <./codTSPRestrictivo.pdf>]

pdfTeX warning: pdflatex (file ./codTSPRestrictivo.pdf): PDF inclusion: found P
DF version <1.7>, but at most version <1.5> allowed
<codTSPRestrictivo.pdf, id=104, page=6, 597.55246pt x 845.07724pt>
File: codTSPRestrictivo.pdf Graphic file (type pdf)
<use codTSPRestrictivo.pdf, page 6>
Package pdftex.def Info: codTSPRestrictivo.pdf , page6 used on input line 344.
(pdftex.def)             Requested size: 562.1644pt x 795.03036pt.
File: codTSPRestrictivo.pdf Graphic file (type pdf)
<use codTSPRestrictivo.pdf, page 6>
Package pdftex.def Info: codTSPRestrictivo.pdf , page6 used on input line 344.
(pdftex.def)             Requested size: 562.1644pt x 795.03036pt.
File: codTSPRestrictivo.pdf Graphic file (type pdf)
<use codTSPRestrictivo.pdf, page 6>
Package pdftex.def Info: codTSPRestrictivo.pdf , page6 used on input line 344.
(pdftex.def)             Requested size: 562.1644pt x 795.03036pt.
[16 <./codTSPRestrictivo.pdf>]

pdfTeX warning: pdflatex (file ./codTSPRestrictivo.pdf): PDF inclusion: found P
DF version <1.7>, but at most version <1.5> allowed
<codTSPRestrictivo.pdf, id=108, page=7, 597.55246pt x 845.07724pt>
File: codTSPRestrictivo.pdf Graphic file (type pdf)
<use codTSPRestrictivo.pdf, page 7>
Package pdftex.def Info: codTSPRestrictivo.pdf , page7 used on input line 344.
(pdftex.def)             Requested size: 562.1644pt x 795.03036pt.
File: codTSPRestrictivo.pdf Graphic file (type pdf)
<use codTSPRestrictivo.pdf, page 7>
Package pdftex.def Info: codTSPRestrictivo.pdf , page7 used on input line 344.
(pdftex.def)             Requested size: 562.1644pt x 795.03036pt.
File: codTSPRestrictivo.pdf Graphic file (type pdf)
<use codTSPRestrictivo.pdf, page 7>
Package pdftex.def Info: codTSPRestrictivo.pdf , page7 used on input line 344.
(pdftex.def)             Requested size: 562.1644pt x 795.03036pt.
[17 <./codTSPRestrictivo.pdf>]

pdfTeX warning: pdflatex (file ./codTSPRestrictivo.pdf): PDF inclusion: found P
DF version <1.7>, but at most version <1.5> allowed
<codTSPRestrictivo.pdf, id=112, page=8, 597.55246pt x 845.07724pt>
File: codTSPRestrictivo.pdf Graphic file (type pdf)
<use codTSPRestrictivo.pdf, page 8>
Package pdftex.def Info: codTSPRestrictivo.pdf , page8 used on input line 344.
(pdftex.def)             Requested size: 562.1644pt x 795.03036pt.
File: codTSPRestrictivo.pdf Graphic file (type pdf)
<use codTSPRestrictivo.pdf, page 8>
Package pdftex.def Info: codTSPRestrictivo.pdf , page8 used on input line 344.
(pdftex.def)             Requested size: 562.1644pt x 795.03036pt.
File: codTSPRestrictivo.pdf Graphic file (type pdf)
<use codTSPRestrictivo.pdf, page 8>
Package pdftex.def Info: codTSPRestrictivo.pdf , page8 used on input line 344.
(pdftex.def)             Requested size: 562.1644pt x 795.03036pt.
[18 <./codTSPRestrictivo.pdf>]

pdfTeX warning: pdflatex (file ./codTSPRestrictivo.pdf): PDF inclusion: found P
DF version <1.7>, but at most version <1.5> allowed
<codTSPRestrictivo.pdf, id=117, page=9, 597.55246pt x 845.07724pt>
File: codTSPRestrictivo.pdf Graphic file (type pdf)
<use codTSPRestrictivo.pdf, page 9>
Package pdftex.def Info: codTSPRestrictivo.pdf , page9 used on input line 344.
(pdftex.def)             Requested size: 562.1644pt x 795.03036pt.
File: codTSPRestrictivo.pdf Graphic file (type pdf)
<use codTSPRestrictivo.pdf, page 9>
Package pdftex.def Info: codTSPRestrictivo.pdf , page9 used on input line 344.
(pdftex.def)             Requested size: 562.1644pt x 795.03036pt.
File: codTSPRestrictivo.pdf Graphic file (type pdf)
<use codTSPRestrictivo.pdf, page 9>
Package pdftex.def Info: codTSPRestrictivo.pdf , page9 used on input line 344.
(pdftex.def)             Requested size: 562.1644pt x 795.03036pt.
[19 <./codTSPRestrictivo.pdf>]

pdfTeX warning: pdflatex (file ./codTSPRestrictivo.pdf): PDF inclusion: found P
DF version <1.7>, but at most version <1.5> allowed
<codTSPRestrictivo.pdf, id=121, page=10, 597.55246pt x 845.07724pt>
File: codTSPRestrictivo.pdf Graphic file (type pdf)
<use codTSPRestrictivo.pdf, page 10>
Package pdftex.def Info: codTSPRestrictivo.pdf , page10 used on input line 344.

(pdftex.def)             Requested size: 562.1644pt x 795.03036pt.
File: codTSPRestrictivo.pdf Graphic file (type pdf)
<use codTSPRestrictivo.pdf, page 10>
Package pdftex.def Info: codTSPRestrictivo.pdf , page10 used on input line 344.

(pdftex.def)             Requested size: 562.1644pt x 795.03036pt.
File: codTSPRestrictivo.pdf Graphic file (type pdf)
<use codTSPRestrictivo.pdf, page 10>
Package pdftex.def Info: codTSPRestrictivo.pdf , page10 used on input line 344.

(pdftex.def)             Requested size: 562.1644pt x 795.03036pt.
[20 <./codTSPRestrictivo.pdf>]

pdfTeX warning: pdflatex (file ./codTSPRestrictivo.pdf): PDF inclusion: found P
DF version <1.7>, but at most version <1.5> allowed
<codTSPRestrictivo.pdf, id=125, page=11, 597.55246pt x 845.07724pt>
File: codTSPRestrictivo.pdf Graphic file (type pdf)
<use codTSPRestrictivo.pdf, page 11>
Package pdftex.def Info: codTSPRestrictivo.pdf , page11 used on input line 344.

(pdftex.def)             Requested size: 562.1644pt x 795.03036pt.
File: codTSPRestrictivo.pdf Graphic file (type pdf)
<use codTSPRestrictivo.pdf, page 11>
Package pdftex.def Info: codTSPRestrictivo.pdf , page11 used on input line 344.

(pdftex.def)             Requested size: 562.1644pt x 795.03036pt.
File: codTSPRestrictivo.pdf Graphic file (type pdf)
<use codTSPRestrictivo.pdf, page 11>
Package pdftex.def Info: codTSPRestrictivo.pdf , page11 used on input line 344.

(pdftex.def)             Requested size: 562.1644pt x 795.03036pt.
[21 <./codTSPRestrictivo.pdf>]

pdfTeX warning: pdflatex (file ./codTSPRestrictivo.pdf): PDF inclusion: found P
DF version <1.7>, but at most version <1.5> allowed
<codTSPRestrictivo.pdf, id=129, page=12, 597.55246pt x 845.07724pt>
File: codTSPRestrictivo.pdf Graphic file (type pdf)
<use codTSPRestrictivo.pdf, page 12>
Package pdftex.def Info: codTSPRestrictivo.pdf , page12 used on input line 344.

(pdftex.def)             Requested size: 562.1644pt x 795.03036pt.
File: codTSPRestrictivo.pdf Graphic file (type pdf)
<use codTSPRestrictivo.pdf, page 12>
Package pdftex.def Info: codTSPRestrictivo.pdf , page12 used on input line 344.

(pdftex.def)             Requested size: 562.1644pt x 795.03036pt.
File: codTSPRestrictivo.pdf Graphic file (type pdf)
<use codTSPRestrictivo.pdf, page 12>
Package pdftex.def Info: codTSPRestrictivo.pdf , page12 used on input line 344.

(pdftex.def)             Requested size: 562.1644pt x 795.03036pt.
[22 <./codTSPRestrictivo.pdf>]

pdfTeX warning: pdflatex (file ./codTSPRestrictivo.pdf): PDF inclusion: found P
DF version <1.7>, but at most version <1.5> allowed
<codTSPRestrictivo.pdf, id=133, page=13, 597.55246pt x 845.07724pt>
File: codTSPRestrictivo.pdf Graphic file (type pdf)
<use codTSPRestrictivo.pdf, page 13>
Package pdftex.def Info: codTSPRestrictivo.pdf , page13 used on input line 344.

(pdftex.def)             Requested size: 562.1644pt x 795.03036pt.
File: codTSPRestrictivo.pdf Graphic file (type pdf)
<use codTSPRestrictivo.pdf, page 13>
Package pdftex.def Info: codTSPRestrictivo.pdf , page13 used on input line 344.

(pdftex.def)             Requested size: 562.1644pt x 795.03036pt.
File: codTSPRestrictivo.pdf Graphic file (type pdf)
<use codTSPRestrictivo.pdf, page 13>
Package pdftex.def Info: codTSPRestrictivo.pdf , page13 used on input line 344.

(pdftex.def)             Requested size: 562.1644pt x 795.03036pt.
[23 <./codTSPRestrictivo.pdf>]

pdfTeX warning: pdflatex (file ./codTSPRestrictivo.pdf): PDF inclusion: found P
DF version <1.7>, but at most version <1.5> allowed
<codTSPRestrictivo.pdf, id=137, page=14, 597.55246pt x 845.07724pt>
File: codTSPRestrictivo.pdf Graphic file (type pdf)
<use codTSPRestrictivo.pdf, page 14>
Package pdftex.def Info: codTSPRestrictivo.pdf , page14 used on input line 344.

(pdftex.def)             Requested size: 562.1644pt x 795.03036pt.
File: codTSPRestrictivo.pdf Graphic file (type pdf)
<use codTSPRestrictivo.pdf, page 14>
Package pdftex.def Info: codTSPRestrictivo.pdf , page14 used on input line 344.

(pdftex.def)             Requested size: 562.1644pt x 795.03036pt.
File: codTSPRestrictivo.pdf Graphic file (type pdf)
<use codTSPRestrictivo.pdf, page 14>
Package pdftex.def Info: codTSPRestrictivo.pdf , page14 used on input line 344.

(pdftex.def)             Requested size: 562.1644pt x 795.03036pt.
[24 <./codTSPRestrictivo.pdf>]

pdfTeX warning: pdflatex (file ./codTSPRestrictivo.pdf): PDF inclusion: found P
DF version <1.7>, but at most version <1.5> allowed
<codTSPRestrictivo.pdf, id=142, page=15, 597.55246pt x 845.07724pt>
File: codTSPRestrictivo.pdf Graphic file (type pdf)
<use codTSPRestrictivo.pdf, page 15>
Package pdftex.def Info: codTSPRestrictivo.pdf , page15 used on input line 344.

(pdftex.def)             Requested size: 562.1644pt x 795.03036pt.
File: codTSPRestrictivo.pdf Graphic file (type pdf)
<use codTSPRestrictivo.pdf, page 15>
Package pdftex.def Info: codTSPRestrictivo.pdf , page15 used on input line 344.

(pdftex.def)             Requested size: 562.1644pt x 795.03036pt.
File: codTSPRestrictivo.pdf Graphic file (type pdf)
<use codTSPRestrictivo.pdf, page 15>
Package pdftex.def Info: codTSPRestrictivo.pdf , page15 used on input line 344.

(pdftex.def)             Requested size: 562.1644pt x 795.03036pt.
[25 <./codTSPRestrictivo.pdf>]

pdfTeX warning: pdflatex (file ./codTSPRestrictivo.pdf): PDF inclusion: found P
DF version <1.7>, but at most version <1.5> allowed
<codTSPRestrictivo.pdf, id=146, page=16, 597.55246pt x 845.07724pt>
File: codTSPRestrictivo.pdf Graphic file (type pdf)
<use codTSPRestrictivo.pdf, page 16>
Package pdftex.def Info: codTSPRestrictivo.pdf , page16 used on input line 344.

(pdftex.def)             Requested size: 562.1644pt x 795.03036pt.
File: codTSPRestrictivo.pdf Graphic file (type pdf)
<use codTSPRestrictivo.pdf, page 16>
Package pdftex.def Info: codTSPRestrictivo.pdf , page16 used on input line 344.

(pdftex.def)             Requested size: 562.1644pt x 795.03036pt.
File: codTSPRestrictivo.pdf Graphic file (type pdf)
<use codTSPRestrictivo.pdf, page 16>
Package pdftex.def Info: codTSPRestrictivo.pdf , page16 used on input line 344.

(pdftex.def)             Requested size: 562.1644pt x 795.03036pt.
[26 <./codTSPRestrictivo.pdf>]

pdfTeX warning: pdflatex (file ./codTSPRestrictivo.pdf): PDF inclusion: found P
DF version <1.7>, but at most version <1.5> allowed
<codTSPRestrictivo.pdf, id=150, page=17, 597.55246pt x 845.07724pt>
File: codTSPRestrictivo.pdf Graphic file (type pdf)
<use codTSPRestrictivo.pdf, page 17>
Package pdftex.def Info: codTSPRestrictivo.pdf , page17 used on input line 344.

(pdftex.def)             Requested size: 562.1644pt x 795.03036pt.
File: codTSPRestrictivo.pdf Graphic file (type pdf)
<use codTSPRestrictivo.pdf, page 17>
Package pdftex.def Info: codTSPRestrictivo.pdf , page17 used on input line 344.

(pdftex.def)             Requested size: 562.1644pt x 795.03036pt.
File: codTSPRestrictivo.pdf Graphic file (type pdf)
<use codTSPRestrictivo.pdf, page 17>
Package pdftex.def Info: codTSPRestrictivo.pdf , page17 used on input line 344.

(pdftex.def)             Requested size: 562.1644pt x 795.03036pt.
[27 <./codTSPRestrictivo.pdf>]

pdfTeX warning: pdflatex (file ./codTSPRestrictivo.pdf): PDF inclusion: found P
DF version <1.7>, but at most version <1.5> allowed
<codTSPRestrictivo.pdf, id=154, page=18, 597.55246pt x 845.07724pt>
File: codTSPRestrictivo.pdf Graphic file (type pdf)
<use codTSPRestrictivo.pdf, page 18>
Package pdftex.def Info: codTSPRestrictivo.pdf , page18 used on input line 344.

(pdftex.def)             Requested size: 562.1644pt x 795.03036pt.
File: codTSPRestrictivo.pdf Graphic file (type pdf)
<use codTSPRestrictivo.pdf, page 18>
Package pdftex.def Info: codTSPRestrictivo.pdf , page18 used on input line 344.

(pdftex.def)             Requested size: 562.1644pt x 795.03036pt.
File: codTSPRestrictivo.pdf Graphic file (type pdf)
<use codTSPRestrictivo.pdf, page 18>
Package pdftex.def Info: codTSPRestrictivo.pdf , page18 used on input line 344.

(pdftex.def)             Requested size: 562.1644pt x 795.03036pt.
[28 <./codTSPRestrictivo.pdf>] (Prac04_TSP_ResctrictedbyOAEB.aux
LaTeX Info: Redefining \. on input line 8.
LaTeX Info: Redefining \% on input line 8.
)

LaTeX Warning: There were multiply-defined labels.

 ) 
Here is how much of TeX's memory you used:
 11599 strings out of 478864
 228670 string characters out of 2848660
 506467 words of memory out of 3000000
 29325 multiletter control sequences out of 15000+600000
 436544 words of font info for 91 fonts, out of 8000000 for 9000
 1141 hyphenation exceptions out of 8191
 73i,17n,81p,693b,513s stack positions out of 5000i,500n,10000p,200000b,80000s
{C:/Users/anton/AppData/Local/Programs/MiKTeX/fonts/enc/dvips/base/8r.enc}<C:
/Users/anton/AppData/Local/Programs/MiKTeX/fonts/type1/public/kpfonts/jkpbn8a.p
fb><C:/Users/anton/AppData/Local/Programs/MiKTeX/fonts/type1/public/kpfonts/jkp
mi.pfb><C:/Users/anton/AppData/Local/Programs/MiKTeX/fonts/type1/public/kpfonts
/jkpmit8a.pfb><C:/Users/anton/AppData/Local/Programs/MiKTeX/fonts/type1/public/
kpfonts/jkpmn8a.pfb><C:/Users/anton/AppData/Local/Programs/MiKTeX/fonts/type1/p
ublic/kpfonts/jkpmsc8a.pfb><C:/Users/anton/AppData/Local/Programs/MiKTeX/fonts/
type1/public/kpfonts/jkpsy.pfb>
Output written on Prac04_TSP_ResctrictedbyOAEB.pdf (29 pages, 986088 bytes).
PDF statistics:
 185 PDF objects out of 1000 (max. 8388607)
 0 named destinations out of 1000 (max. 500000)
 176 words of extra memory for PDF output out of 10000 (max. 10000000)

